@storybook/cli v7.0.7

info => Cleaning outputDir: C:\Users\guitx\AppData\Local\Temp\chromatic--3276-e6stsM5APL8J
info => Loading presets
info => Building manager..
info => Manager built (719 ms)
info => Compiling preview..
info => Copying static files: D:\proyectos\storybook\guitxo-lib\node_modules\@storybook\manager\static at C:\Users\guitx\AppData\Local\Temp\chromatic--3276-e6stsM5APL8J\sb-common-assets
info Addon-docs: using MDX2
info => Using implicit CSS loaders
ERR! Your Storybook startup uses a solution that is not supported.
ERR! You must use angular builder to have an explicit configuration on the project used in angular.json
ERR! Read more at:
ERR! - https://github.com/storybookjs/storybook/blob/next/MIGRATION.md#sb-angular-builder)
ERR! - https://github.com/storybookjs/storybook/blob/next/MIGRATION.md#angular13)
ERR! Error: angularBrowserTarget is undefined.
ERR!     at checkForLegacyBuildOptions (d:\proyectos\storybook\guitxo-lib\node_modules\@storybook\angular\dist\server\framework-preset-angular-cli.js:84:11)
ERR!     at Object.webpackFinal (d:\proyectos\storybook\guitxo-lib\node_modules\@storybook\angular\dist\server\framework-preset-angular-cli.js:16:5)
ERR!     at D:\proyectos\storybook\guitxo-lib\node_modules\@storybook\core-common\dist\index.js:15:1046
ERR!  Error: angularBrowserTarget is undefined.
ERR!     at checkForLegacyBuildOptions (d:\proyectos\storybook\guitxo-lib\node_modules\@storybook\angular\dist\server\framework-preset-angular-cli.js:84:11)
ERR!     at Object.webpackFinal (d:\proyectos\storybook\guitxo-lib\node_modules\@storybook\angular\dist\server\framework-preset-angular-cli.js:16:5)
ERR!     at D:\proyectos\storybook\guitxo-lib\node_modules\@storybook\core-common\dist\index.js:15:1046
